-------------------------------------------------------------------------------
Test set: com.dutybank.logic.Impl.test.OfficerCrudLogicImplTest
-------------------------------------------------------------------------------
Tests run: 4, Failures: 1, Errors: 1, Skipped: 0, Time elapsed: 0.086 s <<< FAILURE! - in com.dutybank.logic.Impl.test.OfficerCrudLogicImplTest
testCreateClientEquals  Time elapsed: 0.05 s  <<< ERROR!
com.dutybank.exception.BusinessException: Some internal error has occurred while fetching data
	at com.dutybank.logic.Impl.test.OfficerCrudLogicImplTest.testCreateClientEquals(OfficerCrudLogicImplTest.java:21)

testCreateLogin  Time elapsed: 0.004 s  <<< FAILURE!
org.opentest4j.AssertionFailedError: Not yet implemented
	at com.dutybank.logic.Impl.test.OfficerCrudLogicImplTest.testCreateLogin(OfficerCrudLogicImplTest.java:36)

