<?xml version="1.0" encoding="UTF-8"?>
<testsuite xmlns:xsi="http://www.w3.org/2001/XMLSchema-instance" xsi:noNamespaceSchemaLocation="https://maven.apache.org/surefire/maven-surefire-plugin/xsd/surefire-test-report.xsd" name="com.dutybank.logic.Impl.Client.Test.ClientCrudLogicImplTest" time="0.134" tests="1" errors="0" skipped="0" failures="0">
  <properties>
[...]
</properties>
  <testcase name="testRetreiveClientForEquals" classname="com.dutybank.logic.Impl.Client.Test.ClientCrudLogicImplTest" time="0.131"/>
</testsuite>